<?xml version="1.0" encoding="UTF-8"?>
<testng-results skipped="0" failed="1" total="6" passed="5">
  <reporter-output>
  </reporter-output>
  <suite name="Suite" duration-ms="107069" started-at="2016-12-04T15:05:24Z" finished-at="2016-12-04T15:07:11Z">
    <groups>
    </groups>
    <test name="TestChrome_VishnuDesktop" duration-ms="101028" started-at="2016-12-04T15:05:24Z" finished-at="2016-12-04T15:07:05Z">
      <class name="euro.genomics.scripts.InvalidLogin">
        <test-method status="PASS" signature="preCondition(java.lang.String, java.lang.String)[pri:0, instance:euro.genomics.scripts.InvalidLogin@66048bfd]" name="preCondition" is-config="true" duration-ms="59716" started-at="2016-12-04T20:35:24Z" finished-at="2016-12-04T20:36:23Z">
          <params>
            <param index="0">
              <value>
                <![CDATA[http://192.168.1.4:4444/wd/hub]]>
              </value>
            </param>
            <param index="1">
              <value>
                <![CDATA[chrome]]>
              </value>
            </param>
          </params>
          <reporter-output>
          </reporter-output>
        </test-method> <!-- preCondition -->
        <test-method status="FAIL" signature="testInvaliLogin()[pri:0, instance:euro.genomics.scripts.InvalidLogin@66048bfd]" name="testInvaliLogin" duration-ms="5891" started-at="2016-12-04T20:36:23Z" finished-at="2016-12-04T20:36:29Z">
          <exception class="org.openqa.selenium.StaleElementReferenceException">
            <message>
              <![CDATA[stale element reference: element is not attached to the page document
  (Session info: chrome=55.0.2883.75)
  (Driver info: chromedriver=2.24.417431 (9aea000394714d2fbb20850021f6204f2256b9cf),platform=Windows NT 6.1.7601 SP1 x86) (WARNING: The server did not provide any stacktrace information)
Command duration or timeout: 215 milliseconds
For documentation on this error, please visit: http://seleniumhq.org/exceptions/stale_element_reference.html
Build info: version: '2.53.1', revision: 'a36b8b1', time: '2016-06-30 17:37:03'
System info: host: 'VISHNU-PC', ip: '192.168.1.4', os.name: 'Windows 7', os.arch: 'x86', os.version: '6.1', java.version: '1.8.0_101'
Driver info: org.openqa.selenium.chrome.ChromeDriver
Capabilities [{applicationCacheEnabled=false, rotatable=false, mobileEmulationEnabled=false, networkConnectionEnabled=false, chrome={chromedriverVersion=2.24.417431 (9aea000394714d2fbb20850021f6204f2256b9cf), userDataDir=C:\Users\VISHNU\AppData\Local\Temp\scoped_dir3760_18784}, takesHeapSnapshot=true, pageLoadStrategy=normal, databaseEnabled=false, handlesAlerts=true, hasTouchScreen=false, version=55.0.2883.75, platform=XP, browserConnectionEnabled=false, nativeEvents=true, acceptSslCerts=true, locationContextEnabled=true, webStorageEnabled=true, browserName=chrome, takesScreenshot=true, javascriptEnabled=true, cssSelectorsEnabled=true}]
Session ID: 19949424add280c4d10ccb49510c1545
Command duration or timeout: 1.68 seconds
For documentation on this error, please visit: http://seleniumhq.org/exceptions/stale_element_reference.html
Build info: version: '2.53.1', revision: 'a36b8b1', time: '2016-06-30 17:37:03'
System info: host: 'Inspiron3542', ip: '192.168.1.5', os.name: 'Windows 8.1', os.arch: 'amd64', os.version: '6.3', java.version: '1.8.0_101'
Driver info: org.openqa.selenium.remote.RemoteWebDriver
Capabilities [{applicationCacheEnabled=false, rotatable=false, mobileEmulationEnabled=false, networkConnectionEnabled=false, chrome={chromedriverVersion=2.24.417431 (9aea000394714d2fbb20850021f6204f2256b9cf), userDataDir=C:\Users\VISHNU\AppData\Local\Temp\scoped_dir3760_18784}, takesHeapSnapshot=true, pageLoadStrategy=normal, databaseEnabled=false, handlesAlerts=true, hasTouchScreen=false, version=55.0.2883.75, platform=XP, browserConnectionEnabled=false, nativeEvents=true, acceptSslCerts=true, webdriver.remote.sessionid=c9b71977-e465-4062-bc91-2f0d5d878e63, locationContextEnabled=true, webStorageEnabled=true, browserName=chrome, takesScreenshot=true, javascriptEnabled=true, cssSelectorsEnabled=true}]
Session ID: c9b71977-e465-4062-bc91-2f0d5d878e63]]>
            </message>
            <full-stacktrace>
              <![CDATA[org.openqa.selenium.StaleElementReferenceException: stale element reference: element is not attached to the page document
  (Session info: chrome=55.0.2883.75)
  (Driver info: chromedriver=2.24.417431 (9aea000394714d2fbb20850021f6204f2256b9cf),platform=Windows NT 6.1.7601 SP1 x86) (WARNING: The server did not provide any stacktrace information)
Command duration or timeout: 215 milliseconds
For documentation on this error, please visit: http://seleniumhq.org/exceptions/stale_element_reference.html
Build info: version: '2.53.1', revision: 'a36b8b1', time: '2016-06-30 17:37:03'
System info: host: 'VISHNU-PC', ip: '192.168.1.4', os.name: 'Windows 7', os.arch: 'x86', os.version: '6.1', java.version: '1.8.0_101'
Driver info: org.openqa.selenium.chrome.ChromeDriver
Capabilities [{applicationCacheEnabled=false, rotatable=false, mobileEmulationEnabled=false, networkConnectionEnabled=false, chrome={chromedriverVersion=2.24.417431 (9aea000394714d2fbb20850021f6204f2256b9cf), userDataDir=C:\Users\VISHNU\AppData\Local\Temp\scoped_dir3760_18784}, takesHeapSnapshot=true, pageLoadStrategy=normal, databaseEnabled=false, handlesAlerts=true, hasTouchScreen=false, version=55.0.2883.75, platform=XP, browserConnectionEnabled=false, nativeEvents=true, acceptSslCerts=true, locationContextEnabled=true, webStorageEnabled=true, browserName=chrome, takesScreenshot=true, javascriptEnabled=true, cssSelectorsEnabled=true}]
Session ID: 19949424add280c4d10ccb49510c1545
Command duration or timeout: 1.68 seconds
For documentation on this error, please visit: http://seleniumhq.org/exceptions/stale_element_reference.html
Build info: version: '2.53.1', revision: 'a36b8b1', time: '2016-06-30 17:37:03'
System info: host: 'Inspiron3542', ip: '192.168.1.5', os.name: 'Windows 8.1', os.arch: 'amd64', os.version: '6.3', java.version: '1.8.0_101'
Driver info: org.openqa.selenium.remote.RemoteWebDriver
Capabilities [{applicationCacheEnabled=false, rotatable=false, mobileEmulationEnabled=false, networkConnectionEnabled=false, chrome={chromedriverVersion=2.24.417431 (9aea000394714d2fbb20850021f6204f2256b9cf), userDataDir=C:\Users\VISHNU\AppData\Local\Temp\scoped_dir3760_18784}, takesHeapSnapshot=true, pageLoadStrategy=normal, databaseEnabled=false, handlesAlerts=true, hasTouchScreen=false, version=55.0.2883.75, platform=XP, browserConnectionEnabled=false, nativeEvents=true, acceptSslCerts=true, webdriver.remote.sessionid=c9b71977-e465-4062-bc91-2f0d5d878e63, locationContextEnabled=true, webStorageEnabled=true, browserName=chrome, takesScreenshot=true, javascriptEnabled=true, cssSelectorsEnabled=true}]
Session ID: c9b71977-e465-4062-bc91-2f0d5d878e63
	at sun.reflect.NativeConstructorAccessorImpl.newInstance0(Native Method)
	at sun.reflect.NativeConstructorAccessorImpl.newInstance(NativeConstructorAccessorImpl.java:62)
	at sun.reflect.DelegatingConstructorAccessorImpl.newInstance(DelegatingConstructorAccessorImpl.java:45)
	at java.lang.reflect.Constructor.newInstance(Constructor.java:423)
	at org.openqa.selenium.remote.ErrorHandler.createThrowable(ErrorHandler.java:206)
	at org.openqa.selenium.remote.ErrorHandler.throwIfResponseFailed(ErrorHandler.java:158)
	at org.openqa.selenium.remote.RemoteWebDriver.execute(RemoteWebDriver.java:678)
	at org.openqa.selenium.remote.RemoteWebElement.execute(RemoteWebElement.java:327)
	at org.openqa.selenium.remote.RemoteWebElement.isDisplayed(RemoteWebElement.java:368)
	at sun.reflect.NativeMethodAccessorImpl.invoke0(Native Method)
	at sun.reflect.NativeMethodAccessorImpl.invoke(NativeMethodAccessorImpl.java:62)
	at sun.reflect.DelegatingMethodAccessorImpl.invoke(DelegatingMethodAccessorImpl.java:43)
	at java.lang.reflect.Method.invoke(Method.java:498)
	at org.openqa.selenium.support.pagefactory.internal.LocatingElementHandler.invoke(LocatingElementHandler.java:51)
	at com.sun.proxy.$Proxy7.isDisplayed(Unknown Source)
	at euro.genomics.pom.LoginPage.verifyErrMsgDisplayed(LoginPage.java:45)
	at euro.genomics.scripts.InvalidLogin.testInvaliLogin(InvalidLogin.java:25)
	at sun.reflect.NativeMethodAccessorImpl.invoke0(Native Method)
	at sun.reflect.NativeMethodAccessorImpl.invoke(NativeMethodAccessorImpl.java:62)
	at sun.reflect.DelegatingMethodAccessorImpl.invoke(DelegatingMethodAccessorImpl.java:43)
	at java.lang.reflect.Method.invoke(Method.java:498)
	at org.testng.internal.MethodInvocationHelper.invokeMethod(MethodInvocationHelper.java:85)
	at org.testng.internal.Invoker.invokeMethod(Invoker.java:639)
	at org.testng.internal.Invoker.invokeTestMethod(Invoker.java:816)
	at org.testng.internal.Invoker.invokeTestMethods(Invoker.java:1124)
	at org.testng.internal.TestMethodWorker.invokeTestMethods(TestMethodWorker.java:125)
	at org.testng.internal.TestMethodWorker.run(TestMethodWorker.java:108)
	at org.testng.TestRunner.privateRun(TestRunner.java:774)
	at org.testng.TestRunner.run(TestRunner.java:624)
	at org.testng.SuiteRunner.runTest(SuiteRunner.java:359)
	at org.testng.SuiteRunner.access$000(SuiteRunner.java:39)
	at org.testng.SuiteRunner$SuiteWorker.run(SuiteRunner.java:393)
	at org.testng.internal.thread.ThreadUtil$2.call(ThreadUtil.java:64)
	at java.util.concurrent.FutureTask.run(FutureTask.java:266)
	at java.util.concurrent.ThreadPoolExecutor.runWorker(ThreadPoolExecutor.java:1142)
	at java.util.concurrent.ThreadPoolExecutor$Worker.run(ThreadPoolExecutor.java:617)
	at java.lang.Thread.run(Thread.java:745)
Caused by: org.openqa.selenium.remote.ScreenshotException: Screen shot has been taken
Build info: version: '2.53.1', revision: 'a36b8b1', time: '2016-06-30 17:37:03'
System info: host: 'Inspiron3542', ip: '192.168.1.5', os.name: 'Windows 8.1', os.arch: 'amd64', os.version: '6.3', java.version: '1.8.0_101'
Driver info: driver.version: RemoteWebDriver
	at org.openqa.selenium.remote.ErrorHandler.throwIfResponseFailed(ErrorHandler.java:138)
	... 31 more
Caused by: org.openqa.selenium.StaleElementReferenceException: stale element reference: element is not attached to the page document
  (Session info: chrome=55.0.2883.75)
  (Driver info: chromedriver=2.24.417431 (9aea000394714d2fbb20850021f6204f2256b9cf),platform=Windows NT 6.1.7601 SP1 x86) (WARNING: The server did not provide any stacktrace information)
Command duration or timeout: 215 milliseconds
For documentation on this error, please visit: http://seleniumhq.org/exceptions/stale_element_reference.html
Build info: version: '2.53.1', revision: 'a36b8b1', time: '2016-06-30 17:37:03'
System info: host: 'VISHNU-PC', ip: '192.168.1.4', os.name: 'Windows 7', os.arch: 'x86', os.version: '6.1', java.version: '1.8.0_101'
Driver info: org.openqa.selenium.chrome.ChromeDriver
Capabilities [{applicationCacheEnabled=false, rotatable=false, mobileEmulationEnabled=false, networkConnectionEnabled=false, chrome={chromedriverVersion=2.24.417431 (9aea000394714d2fbb20850021f6204f2256b9cf), userDataDir=C:\Users\VISHNU\AppData\Local\Temp\scoped_dir3760_18784}, takesHeapSnapshot=true, pageLoadStrategy=normal, databaseEnabled=false, handlesAlerts=true, hasTouchScreen=false, version=55.0.2883.75, platform=XP, browserConnectionEnabled=false, nativeEvents=true, acceptSslCerts=true, locationContextEnabled=true, webStorageEnabled=true, browserName=chrome, takesScreenshot=true, javascriptEnabled=true, cssSelectorsEnabled=true}]
Session ID: 19949424add280c4d10ccb49510c1545
For documentation on this error, please visit: http://seleniumhq.org/exceptions/stale_element_reference.html
Build info: version: '2.53.1', revision: 'a36b8b1', time: '2016-06-30 17:37:03'
System info: host: 'Inspiron3542', ip: '192.168.1.5', os.name: 'Windows 8.1', os.arch: 'amd64', os.version: '6.3', java.version: '1.8.0_101'
Driver info: driver.version: RemoteWebDriver
	at sun.reflect.NativeConstructorAccessorImpl.newInstance0(Native Method)
	at sun.reflect.NativeConstructorAccessorImpl.newInstance(Unknown Source)
	at sun.reflect.DelegatingConstructorAccessorImpl.newInstance(Unknown Source)
	at java.lang.reflect.Constructor.newInstance(Unknown Source)
	at org.openqa.selenium.remote.ErrorHandler.createThrowable(ErrorHandler.java:206)
	at org.openqa.selenium.remote.ErrorHandler.throwIfResponseFailed(ErrorHandler.java:158)
	at org.openqa.selenium.remote.RemoteWebDriver.execute(RemoteWebDriver.java:678)
	at org.openqa.selenium.remote.RemoteWebElement.execute(RemoteWebElement.java:327)
	at org.openqa.selenium.remote.RemoteWebElement.isDisplayed(RemoteWebElement.java:368)
	at sun.reflect.NativeMethodAccessorImpl.invoke0(Native Method)
	at sun.reflect.NativeMethodAccessorImpl.invoke(Unknown Source)
	at sun.reflect.DelegatingMethodAccessorImpl.invoke(Unknown Source)
	at java.lang.reflect.Method.invoke(Unknown Source)
	at org.openqa.selenium.support.events.EventFiringWebDriver$EventFiringWebElement$1.invoke(EventFiringWebDriver.java:335)
	at com.sun.proxy.$Proxy2.isDisplayed(Unknown Source)
	at org.openqa.selenium.support.events.EventFiringWebDriver$EventFiringWebElement.isDisplayed(EventFiringWebDriver.java:389)
	at sun.reflect.NativeMethodAccessorImpl.invoke0(Native Method)
	at sun.reflect.NativeMethodAccessorImpl.invoke(Unknown Source)
	at sun.reflect.DelegatingMethodAccessorImpl.invoke(Unknown Source)
	at java.lang.reflect.Method.invoke(Unknown Source)
	at org.openqa.selenium.remote.server.KnownElements$1.invoke(KnownElements.java:64)
	at com.sun.proxy.$Proxy3.isDisplayed(Unknown Source)
	at org.openqa.selenium.remote.server.handler.GetElementDisplayed.call(GetElementDisplayed.java:32)
	at org.openqa.selenium.remote.server.handler.GetElementDisplayed.call(GetElementDisplayed.java:1)
	at java.util.concurrent.FutureTask.run(Unknown Source)
	at org.openqa.selenium.remote.server.DefaultSession$1.run(DefaultSession.java:176)
	at java.util.concurrent.ThreadPoolExecutor.runWorker(Unknown Source)
	at java.util.concurrent.ThreadPoolExecutor$Worker.run(Unknown Source)
	at java.lang.Thread.run(Unknown Source)
]]>
            </full-stacktrace>
          </exception> <!-- org.openqa.selenium.StaleElementReferenceException -->
          <reporter-output>
          </reporter-output>
        </test-method> <!-- testInvaliLogin -->
        <test-method status="PASS" signature="postCondition()[pri:0, instance:euro.genomics.scripts.InvalidLogin@66048bfd]" name="postCondition" is-config="true" duration-ms="441" started-at="2016-12-04T20:36:29Z" finished-at="2016-12-04T20:36:30Z">
          <reporter-output>
          </reporter-output>
        </test-method> <!-- postCondition -->
      </class> <!-- euro.genomics.scripts.InvalidLogin -->
      <class name="euro.genomics.scripts.VerifyProductVersion">
        <test-method status="PASS" signature="preCondition(java.lang.String, java.lang.String)[pri:0, instance:euro.genomics.scripts.VerifyProductVersion@445b84c0]" name="preCondition" is-config="true" duration-ms="5853" started-at="2016-12-04T20:36:49Z" finished-at="2016-12-04T20:36:54Z">
          <params>
            <param index="0">
              <value>
                <![CDATA[http://192.168.1.4:4444/wd/hub]]>
              </value>
            </param>
            <param index="1">
              <value>
                <![CDATA[chrome]]>
              </value>
            </param>
          </params>
          <reporter-output>
          </reporter-output>
        </test-method> <!-- preCondition -->
        <test-method status="PASS" signature="testVerifyProductVersion()[pri:0, instance:euro.genomics.scripts.VerifyProductVersion@445b84c0]" name="testVerifyProductVersion" duration-ms="7737" started-at="2016-12-04T20:36:54Z" finished-at="2016-12-04T20:37:02Z">
          <reporter-output>
          </reporter-output>
        </test-method> <!-- testVerifyProductVersion -->
        <test-method status="PASS" signature="postCondition()[pri:0, instance:euro.genomics.scripts.VerifyProductVersion@445b84c0]" name="postCondition" is-config="true" duration-ms="2472" started-at="2016-12-04T20:37:02Z" finished-at="2016-12-04T20:37:05Z">
          <reporter-output>
          </reporter-output>
        </test-method> <!-- postCondition -->
      </class> <!-- euro.genomics.scripts.VerifyProductVersion -->
      <class name="euro.genomics.scripts.ValidLoginLogout">
        <test-method status="PASS" signature="preCondition(java.lang.String, java.lang.String)[pri:0, instance:euro.genomics.scripts.ValidLoginLogout@61443d8f]" name="preCondition" is-config="true" duration-ms="7780" started-at="2016-12-04T20:36:30Z" finished-at="2016-12-04T20:36:37Z">
          <params>
            <param index="0">
              <value>
                <![CDATA[http://192.168.1.4:4444/wd/hub]]>
              </value>
            </param>
            <param index="1">
              <value>
                <![CDATA[chrome]]>
              </value>
            </param>
          </params>
          <reporter-output>
          </reporter-output>
        </test-method> <!-- preCondition -->
        <test-method status="PASS" signature="testValidLoginLogout()[pri:0, instance:euro.genomics.scripts.ValidLoginLogout@61443d8f]" name="testValidLoginLogout" duration-ms="8652" started-at="2016-12-04T20:36:37Z" finished-at="2016-12-04T20:36:46Z">
          <reporter-output>
          </reporter-output>
        </test-method> <!-- testValidLoginLogout -->
        <test-method status="PASS" signature="postCondition()[pri:0, instance:euro.genomics.scripts.ValidLoginLogout@61443d8f]" name="postCondition" is-config="true" duration-ms="2467" started-at="2016-12-04T20:36:46Z" finished-at="2016-12-04T20:36:49Z">
          <reporter-output>
          </reporter-output>
        </test-method> <!-- postCondition -->
      </class> <!-- euro.genomics.scripts.ValidLoginLogout -->
    </test> <!-- TestChrome_VishnuDesktop -->
    <test name="TestFF_VishnuDesktop" duration-ms="107069" started-at="2016-12-04T15:05:24Z" finished-at="2016-12-04T15:07:11Z">
      <class name="euro.genomics.scripts.InvalidLogin">
        <test-method status="PASS" signature="preCondition(java.lang.String, java.lang.String)[pri:0, instance:euro.genomics.scripts.InvalidLogin@224aed64]" name="preCondition" is-config="true" duration-ms="48902" started-at="2016-12-04T20:35:24Z" finished-at="2016-12-04T20:36:13Z">
          <params>
            <param index="0">
              <value>
                <![CDATA[http://192.168.1.4:4444/wd/hub]]>
              </value>
            </param>
            <param index="1">
              <value>
                <![CDATA[firefox]]>
              </value>
            </param>
          </params>
          <reporter-output>
          </reporter-output>
        </test-method> <!-- preCondition -->
        <test-method status="PASS" signature="testInvaliLogin()[pri:0, instance:euro.genomics.scripts.InvalidLogin@224aed64]" name="testInvaliLogin" duration-ms="19467" started-at="2016-12-04T20:36:13Z" finished-at="2016-12-04T20:36:32Z">
          <reporter-output>
          </reporter-output>
        </test-method> <!-- testInvaliLogin -->
        <test-method status="PASS" signature="postCondition()[pri:0, instance:euro.genomics.scripts.InvalidLogin@224aed64]" name="postCondition" is-config="true" duration-ms="18" started-at="2016-12-04T20:36:32Z" finished-at="2016-12-04T20:36:32Z">
          <reporter-output>
          </reporter-output>
        </test-method> <!-- postCondition -->
      </class> <!-- euro.genomics.scripts.InvalidLogin -->
      <class name="euro.genomics.scripts.VerifyProductVersion">
        <test-method status="PASS" signature="preCondition(java.lang.String, java.lang.String)[pri:0, instance:euro.genomics.scripts.VerifyProductVersion@71e7a66b]" name="preCondition" is-config="true" duration-ms="11598" started-at="2016-12-04T20:36:52Z" finished-at="2016-12-04T20:37:03Z">
          <params>
            <param index="0">
              <value>
                <![CDATA[http://192.168.1.4:4444/wd/hub]]>
              </value>
            </param>
            <param index="1">
              <value>
                <![CDATA[firefox]]>
              </value>
            </param>
          </params>
          <reporter-output>
          </reporter-output>
        </test-method> <!-- preCondition -->
        <test-method status="PASS" signature="testVerifyProductVersion()[pri:0, instance:euro.genomics.scripts.VerifyProductVersion@71e7a66b]" name="testVerifyProductVersion" duration-ms="7275" started-at="2016-12-04T20:37:03Z" finished-at="2016-12-04T20:37:11Z">
          <reporter-output>
          </reporter-output>
        </test-method> <!-- testVerifyProductVersion -->
        <test-method status="PASS" signature="postCondition()[pri:0, instance:euro.genomics.scripts.VerifyProductVersion@71e7a66b]" name="postCondition" is-config="true" duration-ms="26" started-at="2016-12-04T20:37:11Z" finished-at="2016-12-04T20:37:11Z">
          <reporter-output>
          </reporter-output>
        </test-method> <!-- postCondition -->
      </class> <!-- euro.genomics.scripts.VerifyProductVersion -->
      <class name="euro.genomics.scripts.ValidLoginLogout">
        <test-method status="PASS" signature="preCondition(java.lang.String, java.lang.String)[pri:0, instance:euro.genomics.scripts.ValidLoginLogout@c39f790]" name="preCondition" is-config="true" duration-ms="13529" started-at="2016-12-04T20:36:32Z" finished-at="2016-12-04T20:36:46Z">
          <params>
            <param index="0">
              <value>
                <![CDATA[http://192.168.1.4:4444/wd/hub]]>
              </value>
            </param>
            <param index="1">
              <value>
                <![CDATA[firefox]]>
              </value>
            </param>
          </params>
          <reporter-output>
          </reporter-output>
        </test-method> <!-- preCondition -->
        <test-method status="PASS" signature="testValidLoginLogout()[pri:0, instance:euro.genomics.scripts.ValidLoginLogout@c39f790]" name="testValidLoginLogout" duration-ms="6203" started-at="2016-12-04T20:36:46Z" finished-at="2016-12-04T20:36:52Z">
          <reporter-output>
          </reporter-output>
        </test-method> <!-- testValidLoginLogout -->
        <test-method status="PASS" signature="postCondition()[pri:0, instance:euro.genomics.scripts.ValidLoginLogout@c39f790]" name="postCondition" is-config="true" duration-ms="36" started-at="2016-12-04T20:36:52Z" finished-at="2016-12-04T20:36:52Z">
          <reporter-output>
          </reporter-output>
        </test-method> <!-- postCondition -->
      </class> <!-- euro.genomics.scripts.ValidLoginLogout -->
    </test> <!-- TestFF_VishnuDesktop -->
  </suite> <!-- Suite -->
</testng-results>
